<?xml version="1.0" encoding="UTF-8"?>
<!-- Generated by org.testng.reporters.JUnitXMLReporter -->
<testsuite hostname="Surendra" name="Default test" tests="3" failures="0" timestamp="3 Mar 2018 06:09:31 GMT" time="136.81" errors="0">
  <testcase name="createContactTest" time="33.409" classname="com.crm.contacttest.ContactTest"/>
  <testcase name="createContactWithImageTest" time="25.675" classname="com.crm.contacttest.ContactTest"/>
  <testcase name="createContactWithOrganizationTest" time="31.002" classname="com.crm.contacttest.ContactTest"/>
</testsuite> <!-- Default test -->
